<?xml version="1.0" encoding="UTF-8"?>
<!-- Generated by org.testng.reporters.JUnitReportReporter -->
<testsuite hostname="Pravash" failures="0" tests="4" name="testscenario.AmazonPagesTest" time="55.864" errors="0" timestamp="20 May 2021 07:32:33 GMT" skipped="0">
  <testcase classname="testscenario.AmazonPagesTest" name="verifyProductSearch" time="10.111"/>
  <testcase classname="testscenario.AmazonPagesTest" name="verifyLanguageSelectionForShoping" time="12.316"/>
  <testcase classname="testscenario.AmazonPagesTest" name="verifyAddToCartFunctionality" time="33.166"/>
  <testcase classname="testscenario.AmazonPagesTest" name="verifyHomePageLanding" time="0.271"/>
</testsuite> <!-- testscenario.AmazonPagesTest -->
